<?xml version="1.0" encoding="UTF-8"?>
<!-- Generated by org.testng.reporters.JUnitReportReporter -->
<testsuite skipped="0" hostname="DESKTOP-M9B6F7P" name="com.sample2.Scroll" tests="1" failures="0" timestamp="2021-02-11T17:28:38 IST" time="553.055" errors="1">
  <testcase name="print" time="553.055" classname="com.sample2.Scroll">
    <error type="org.openqa.selenium.SessionNotCreatedException" message="session not created
from disconnected: Unable to receive message from renderer
  (Session info: chrome=88.0.4324.150)
Build info: version: &#039;3.141.59&#039;, revision: &#039;e82be7d358&#039;, time: &#039;2018-11-14T08:17:03&#039;
System info: host: &#039;DESKTOP-M9B6F7P&#039;, ip: &#039;127.0.0.1&#039;, os.name: &#039;Windows 10&#039;, os.arch: &#039;amd64&#039;, os.version: &#039;10.0&#039;, java.version: &#039;1.8.0_281&#039;
Driver info: driver.version: ChromeDriver
remote stacktrace: Backtrace:
	GetHandleVerifier [0x001AB963+483]
	GetHandleVerifier [0x001AB941+449]
	GetHandleVerifier [0x00553308+3832712]
	GetHandleVerifier [0x005477E4+3784804]
	GetHandleVerifier [0x00546A47+3781319]
	GetHandleVerifier [0x00546E36+3782326]
	GetHandleVerifier [0x00546765+3780581]
	GetHandleVerifier [0x0054C420+3804320]
	GetHandleVerifier [0x00546721+3780513]
	GetHandleVerifier [0x005474B2+3783986]
	GetHandleVerifier [0x00546A47+3781319]
	GetHandleVerifier [0x00546E36+3782326]
	GetHandleVerifier [0x00546765+3780581]
	GetHandleVerifier [0x0054B655+3800789]
	GetHandleVerifier [0x00546721+3780513]
	GetHandleVerifier [0x005474B2+3783986]
	GetHandleVerifier [0x00546A47+3781319]
	GetHandleVerifier [0x00546E36+3782326]
	GetHandleVerifier [0x00546765+3780581]
	GetHandleVerifier [0x00542F46+3766214]
	GetHandleVerifier [0x00546721+3780513]
	GetHandleVerifier [0x00546543+3780035]
	GetHandleVerifier [0x00546337+3779511]
	GetHandleVerifier [0x00554540+3837376]
	GetHandleVerifier [0x0058F4BC+4078908]
	GetHandleVerifier [0x0058E56C+4074988]
	GetHandleVerifier [0x0058B2EB+4062059]
	GetHandleVerifier [0x0056ED14+3945876]
	GetHandleVerifier [0x0056FBCE+3949646]
	GetHandleVerifier [0x0056FB59+3949529]
	Ordinal0 [0x0016B5CC+46540]
	Ordinal0 [0x00169F53+40787]
	Ordinal0 [0x00169B12+39698]
	GetHandleVerifier [0x00471468+2907368]
	GetHandleVerifier [0x002B71EE+1096302]
	GetHandleVerifier [0x00273E8D+821005]
	GetHandleVerifier [0x0027396B+819691]
	GetHandleVerifier [0x00273881+819457]
	GetHandleVerifier [0x0029F463+998627]
	BaseThreadInitThunk [0x75106359+25]
	RtlGetAppContainerNamedObjectPath [0x779D8944+228]
	RtlGetAppContainerNamedObjectPath [0x779D8914+180]
">
      <![CDATA[org.openqa.selenium.SessionNotCreatedException: session not created
from disconnected: Unable to receive message from renderer
  (Session info: chrome=88.0.4324.150)
Build info: version: '3.141.59', revision: 'e82be7d358', time: '2018-11-14T08:17:03'
System info: host: 'DESKTOP-M9B6F7P', ip: '127.0.0.1', os.name: 'Windows 10', os.arch: 'amd64', os.version: '10.0', java.version: '1.8.0_281'
Driver info: driver.version: ChromeDriver
remote stacktrace: Backtrace:
GetHandleVerifier [0x001AB963+483]
GetHandleVerifier [0x001AB941+449]
GetHandleVerifier [0x00553308+3832712]
GetHandleVerifier [0x005477E4+3784804]
GetHandleVerifier [0x00546A47+3781319]
GetHandleVerifier [0x00546E36+3782326]
GetHandleVerifier [0x00546765+3780581]
GetHandleVerifier [0x0054C420+3804320]
GetHandleVerifier [0x00546721+3780513]
GetHandleVerifier [0x005474B2+3783986]
GetHandleVerifier [0x00546A47+3781319]
GetHandleVerifier [0x00546E36+3782326]
GetHandleVerifier [0x00546765+3780581]
GetHandleVerifier [0x0054B655+3800789]
GetHandleVerifier [0x00546721+3780513]
GetHandleVerifier [0x005474B2+3783986]
GetHandleVerifier [0x00546A47+3781319]
GetHandleVerifier [0x00546E36+3782326]
GetHandleVerifier [0x00546765+3780581]
GetHandleVerifier [0x00542F46+3766214]
GetHandleVerifier [0x00546721+3780513]
GetHandleVerifier [0x00546543+3780035]
GetHandleVerifier [0x00546337+3779511]
GetHandleVerifier [0x00554540+3837376]
GetHandleVerifier [0x0058F4BC+4078908]
GetHandleVerifier [0x0058E56C+4074988]
GetHandleVerifier [0x0058B2EB+4062059]
GetHandleVerifier [0x0056ED14+3945876]
GetHandleVerifier [0x0056FBCE+3949646]
GetHandleVerifier [0x0056FB59+3949529]
Ordinal0 [0x0016B5CC+46540]
Ordinal0 [0x00169F53+40787]
Ordinal0 [0x00169B12+39698]
GetHandleVerifier [0x00471468+2907368]
GetHandleVerifier [0x002B71EE+1096302]
GetHandleVerifier [0x00273E8D+821005]
GetHandleVerifier [0x0027396B+819691]
GetHandleVerifier [0x00273881+819457]
GetHandleVerifier [0x0029F463+998627]
BaseThreadInitThunk [0x75106359+25]
RtlGetAppContainerNamedObjectPath [0x779D8944+228]
RtlGetAppContainerNamedObjectPath [0x779D8914+180]

at sun.reflect.NativeConstructorAccessorImpl.newInstance0(Native Method)
at sun.reflect.NativeConstructorAccessorImpl.newInstance(NativeConstructorAccessorImpl.java:62)
at sun.reflect.DelegatingConstructorAccessorImpl.newInstance(DelegatingConstructorAccessorImpl.java:45)
at java.lang.reflect.Constructor.newInstance(Constructor.java:423)
at org.openqa.selenium.remote.W3CHandshakeResponse.lambda$errorHandler$0(W3CHandshakeResponse.java:62)
at org.openqa.selenium.remote.HandshakeResponse.lambda$getResponseFunction$0(HandshakeResponse.java:30)
at org.openqa.selenium.remote.ProtocolHandshake.lambda$createSession$0(ProtocolHandshake.java:126)
at java.util.stream.ReferencePipeline$3$1.accept(ReferencePipeline.java:193)
at java.util.Spliterators$ArraySpliterator.tryAdvance(Spliterators.java:958)
at java.util.stream.ReferencePipeline.forEachWithCancel(ReferencePipeline.java:126)
at java.util.stream.AbstractPipeline.copyIntoWithCancel(AbstractPipeline.java:499)
at java.util.stream.AbstractPipeline.copyInto(AbstractPipeline.java:486)
at java.util.stream.AbstractPipeline.wrapAndCopyInto(AbstractPipeline.java:472)
at java.util.stream.FindOps$FindOp.evaluateSequential(FindOps.java:152)
at java.util.stream.AbstractPipeline.evaluate(AbstractPipeline.java:234)
at java.util.stream.ReferencePipeline.findFirst(ReferencePipeline.java:464)
at org.openqa.selenium.remote.ProtocolHandshake.createSession(ProtocolHandshake.java:128)
at org.openqa.selenium.remote.ProtocolHandshake.createSession(ProtocolHandshake.java:74)
at org.openqa.selenium.remote.HttpCommandExecutor.execute(HttpCommandExecutor.java:136)
at org.openqa.selenium.remote.service.DriverCommandExecutor.execute(DriverCommandExecutor.java:83)
at org.openqa.selenium.remote.RemoteWebDriver.execute(RemoteWebDriver.java:552)
at org.openqa.selenium.remote.RemoteWebDriver.startSession(RemoteWebDriver.java:213)
at org.openqa.selenium.remote.RemoteWebDriver.<init>(RemoteWebDriver.java:131)
at org.openqa.selenium.chrome.ChromeDriver.<init>(ChromeDriver.java:181)
at org.openqa.selenium.chrome.ChromeDriver.<init>(ChromeDriver.java:168)
at org.openqa.selenium.chrome.ChromeDriver.<init>(ChromeDriver.java:123)
at com.sample2.Scroll.print(Scroll.java:15)
at sun.reflect.NativeMethodAccessorImpl.invoke0(Native Method)
at sun.reflect.NativeMethodAccessorImpl.invoke(NativeMethodAccessorImpl.java:62)
at sun.reflect.DelegatingMethodAccessorImpl.invoke(DelegatingMethodAccessorImpl.java:43)
at java.lang.reflect.Method.invoke(Method.java:498)
at org.testng.internal.MethodInvocationHelper.invokeMethod(MethodInvocationHelper.java:134)
at org.testng.internal.TestInvoker.invokeMethod(TestInvoker.java:597)
at org.testng.internal.TestInvoker.invokeTestMethod(TestInvoker.java:173)
at org.testng.internal.MethodRunner.runInSequence(MethodRunner.java:46)
at org.testng.internal.TestInvoker$MethodInvocationAgent.invoke(TestInvoker.java:816)
at org.testng.internal.TestInvoker.invokeTestMethods(TestInvoker.java:146)
at org.testng.internal.TestMethodWorker.invokeTestMethods(TestMethodWorker.java:146)
at org.testng.internal.TestMethodWorker.run(TestMethodWorker.java:128)
at java.util.ArrayList.forEach(ArrayList.java:1259)
at org.testng.TestRunner.privateRun(TestRunner.java:766)
at org.testng.TestRunner.run(TestRunner.java:587)
at org.testng.SuiteRunner.runTest(SuiteRunner.java:384)
at org.testng.SuiteRunner.runSequentially(SuiteRunner.java:378)
at org.testng.SuiteRunner.privateRun(SuiteRunner.java:337)
at org.testng.SuiteRunner.run(SuiteRunner.java:286)
at org.testng.SuiteRunnerWorker.runSuite(SuiteRunnerWorker.java:53)
at org.testng.SuiteRunnerWorker.run(SuiteRunnerWorker.java:96)
at org.testng.TestNG.runSuitesSequentially(TestNG.java:1187)
at org.testng.TestNG.runSuitesLocally(TestNG.java:1109)
at org.testng.TestNG.runSuites(TestNG.java:1039)
at org.testng.TestNG.run(TestNG.java:1007)
at org.apache.maven.surefire.testng.TestNGExecutor.run(TestNGExecutor.java:284)
at org.apache.maven.surefire.testng.TestNGXmlTestSuite.execute(TestNGXmlTestSuite.java:75)
at org.apache.maven.surefire.testng.TestNGProvider.invoke(TestNGProvider.java:119)
at org.apache.maven.surefire.booter.ForkedBooter.runSuitesInProcess(ForkedBooter.java:428)
at org.apache.maven.surefire.booter.ForkedBooter.execute(ForkedBooter.java:162)
at org.apache.maven.surefire.booter.ForkedBooter.run(ForkedBooter.java:562)
at org.apache.maven.surefire.booter.ForkedBooter.main(ForkedBooter.java:548)
]]>
    </error>
  </testcase> <!-- print -->
  <system-out/>
</testsuite> <!-- com.sample2.Scroll -->
